<?xml version="1.0" encoding="UTF-8"?>
<testng-results ignored="0" total="1" passed="1" failed="0" skipped="0">
  <reporter-output>
  </reporter-output>
  <suite started-at="2023-08-04T14:06:56 IST" name="Default suite" finished-at="2023-08-04T14:06:56 IST" duration-ms="47">
    <groups>
    </groups>
    <test started-at="2023-08-04T14:06:56 IST" name="Default test" finished-at="2023-08-04T14:06:56 IST" duration-ms="47">
      <class name="Sample.Practice1">
        <test-method signature="hero()[pri:0, instance:Sample.Practice1@6f27a732]" started-at="2023-08-04T14:06:56 IST" name="hero" finished-at="2023-08-04T14:06:56 IST" duration-ms="8" status="PASS">
          <reporter-output>
          </reporter-output>
        </test-method> <!-- hero -->
      </class> <!-- Sample.Practice1 -->
    </test> <!-- Default test -->
  </suite> <!-- Default suite -->
</testng-results>
